Determining if the function pthread_create exists in the pthreads failed with the following output:
Change Dir: /home/accompany/git/care-o-bot/accompany/COBScheduler/build/CMakeFiles/CMakeTmp

Run Build Command:/usr/bin/make "cmTryCompileExec/fast"
make[1]: Entering directory `/home/accompany/git/care-o-bot/accompany/COBScheduler/build/CMakeFiles/CMakeTmp'
/usr/bin/make -f CMakeFiles/cmTryCompileExec.dir/build.make CMakeFiles/cmTryCompileExec.dir/build
make[2]: Entering directory `/home/accompany/git/care-o-bot/accompany/COBScheduler/build/CMakeFiles/CMakeTmp'
/usr/bin/cmake -E cmake_progress_report /home/accompany/git/care-o-bot/accompany/COBScheduler/build/CMakeFiles/CMakeTmp/CMakeFiles 1
Building C object CMakeFiles/cmTryCompileExec.dir/CheckFunctionExists.c.o
/usr/bin/gcc   -DCHECK_FUNCTION_EXISTS=pthread_create   -o CMakeFiles/cmTryCompileExec.dir/CheckFunctionExists.c.o   -c /usr/share/cmake-2.8/Modules/CheckFunctionExists.c
Linking C executable cmTryCompileExec
/usr/bin/cmake -E cmake_link_script CMakeFiles/cmTryCompileExec.dir/link.txt --verbose=1
/usr/bin/gcc     -DCHECK_FUNCTION_EXISTS=pthread_create    CMakeFiles/cmTryCompileExec.dir/CheckFunctionExists.c.o  -o cmTryCompileExec -rdynamic -lpthreads 
/usr/bin/ld: cannot find -lpthreads
collect2: ld returned 1 exit status
make[2]: *** [cmTryCompileExec] Error 1
make[2]: Leaving directory `/home/accompany/git/care-o-bot/accompany/COBScheduler/build/CMakeFiles/CMakeTmp'
make[1]: *** [cmTryCompileExec/fast] Error 2
make[1]: Leaving directory `/home/accompany/git/care-o-bot/accompany/COBScheduler/build/CMakeFiles/CMakeTmp'


Determining if the Q_WS_WIN exist failed with the following output:
Change Dir: /home/accompany/git/care-o-bot/accompany/COBScheduler/build/CMakeFiles/CMakeTmp

Run Build Command:/usr/bin/make "cmTryCompileExec/fast"
make[1]: Entering directory `/home/accompany/git/care-o-bot/accompany/COBScheduler/build/CMakeFiles/CMakeTmp'
/usr/bin/make -f CMakeFiles/cmTryCompileExec.dir/build.make CMakeFiles/cmTryCompileExec.dir/build
make[2]: Entering directory `/home/accompany/git/care-o-bot/accompany/COBScheduler/build/CMakeFiles/CMakeTmp'
/usr/bin/cmake -E cmake_progress_report /home/accompany/git/care-o-bot/accompany/COBScheduler/build/CMakeFiles/CMakeTmp/CMakeFiles 1
Building CXX object CMakeFiles/cmTryCompileExec.dir/CheckSymbolExists.cxx.o
/usr/bin/c++    -I/usr/include/qt4    -o CMakeFiles/cmTryCompileExec.dir/CheckSymbolExists.cxx.o -c /home/accompany/git/care-o-bot/accompany/COBScheduler/build/CMakeFiles/CMakeTmp/CheckSymbolExists.cxx
/home/accompany/git/care-o-bot/accompany/COBScheduler/build/CMakeFiles/CMakeTmp/CheckSymbolExists.cxx: In function ‘int main()’:
/home/accompany/git/care-o-bot/accompany/COBScheduler/build/CMakeFiles/CMakeTmp/CheckSymbolExists.cxx:8:25: error: ‘Q_WS_WIN’ was not declared in this scope
make[2]: *** [CMakeFiles/cmTryCompileExec.dir/CheckSymbolExists.cxx.o] Error 1
make[2]: Leaving directory `/home/accompany/git/care-o-bot/accompany/COBScheduler/build/CMakeFiles/CMakeTmp'
make[1]: *** [cmTryCompileExec/fast] Error 2
make[1]: Leaving directory `/home/accompany/git/care-o-bot/accompany/COBScheduler/build/CMakeFiles/CMakeTmp'

File /home/accompany/git/care-o-bot/accompany/COBScheduler/build/CMakeFiles/CMakeTmp/CheckSymbolExists.cxx:
/* */
#include <QtCore/qglobal.h>

void cmakeRequireSymbol(int dummy,...){(void)dummy;}
int main()
{
#ifndef Q_WS_WIN
  cmakeRequireSymbol(0,&Q_WS_WIN);
#endif
  return 0;
}

Determining if the Q_WS_QWS exist failed with the following output:
Change Dir: /home/accompany/git/care-o-bot/accompany/COBScheduler/build/CMakeFiles/CMakeTmp

Run Build Command:/usr/bin/make "cmTryCompileExec/fast"
make[1]: Entering directory `/home/accompany/git/care-o-bot/accompany/COBScheduler/build/CMakeFiles/CMakeTmp'
/usr/bin/make -f CMakeFiles/cmTryCompileExec.dir/build.make CMakeFiles/cmTryCompileExec.dir/build
make[2]: Entering directory `/home/accompany/git/care-o-bot/accompany/COBScheduler/build/CMakeFiles/CMakeTmp'
/usr/bin/cmake -E cmake_progress_report /home/accompany/git/care-o-bot/accompany/COBScheduler/build/CMakeFiles/CMakeTmp/CMakeFiles 1
Building CXX object CMakeFiles/cmTryCompileExec.dir/CheckSymbolExists.cxx.o
/usr/bin/c++    -I/usr/include/qt4    -o CMakeFiles/cmTryCompileExec.dir/CheckSymbolExists.cxx.o -c /home/accompany/git/care-o-bot/accompany/COBScheduler/build/CMakeFiles/CMakeTmp/CheckSymbolExists.cxx
/home/accompany/git/care-o-bot/accompany/COBScheduler/build/CMakeFiles/CMakeTmp/CheckSymbolExists.cxx: In function ‘int main()’:
/home/accompany/git/care-o-bot/accompany/COBScheduler/build/CMakeFiles/CMakeTmp/CheckSymbolExists.cxx:8:25: error: ‘Q_WS_QWS’ was not declared in this scope
make[2]: Leaving directory `/home/accompany/git/care-o-bot/accompany/COBScheduler/build/CMakeFiles/CMakeTmp'
make[2]: *** [CMakeFiles/cmTryCompileExec.dir/CheckSymbolExists.cxx.o] Error 1
make[1]: Leaving directory `/home/accompany/git/care-o-bot/accompany/COBScheduler/build/CMakeFiles/CMakeTmp'
make[1]: *** [cmTryCompileExec/fast] Error 2

File /home/accompany/git/care-o-bot/accompany/COBScheduler/build/CMakeFiles/CMakeTmp/CheckSymbolExists.cxx:
/* */
#include <QtCore/qglobal.h>

void cmakeRequireSymbol(int dummy,...){(void)dummy;}
int main()
{
#ifndef Q_WS_QWS
  cmakeRequireSymbol(0,&Q_WS_QWS);
#endif
  return 0;
}

Determining if the Q_WS_MAC exist failed with the following output:
Change Dir: /home/accompany/git/care-o-bot/accompany/COBScheduler/build/CMakeFiles/CMakeTmp

Run Build Command:/usr/bin/make "cmTryCompileExec/fast"
make[1]: Entering directory `/home/accompany/git/care-o-bot/accompany/COBScheduler/build/CMakeFiles/CMakeTmp'
/usr/bin/make -f CMakeFiles/cmTryCompileExec.dir/build.make CMakeFiles/cmTryCompileExec.dir/build
make[2]: Entering directory `/home/accompany/git/care-o-bot/accompany/COBScheduler/build/CMakeFiles/CMakeTmp'
/usr/bin/cmake -E cmake_progress_report /home/accompany/git/care-o-bot/accompany/COBScheduler/build/CMakeFiles/CMakeTmp/CMakeFiles 1
Building CXX object CMakeFiles/cmTryCompileExec.dir/CheckSymbolExists.cxx.o
/usr/bin/c++    -I/usr/include/qt4    -o CMakeFiles/cmTryCompileExec.dir/CheckSymbolExists.cxx.o -c /home/accompany/git/care-o-bot/accompany/COBScheduler/build/CMakeFiles/CMakeTmp/CheckSymbolExists.cxx
/home/accompany/git/care-o-bot/accompany/COBScheduler/build/CMakeFiles/CMakeTmp/CheckSymbolExists.cxx: In function ‘int main()’:
/home/accompany/git/care-o-bot/accompany/COBScheduler/build/CMakeFiles/CMakeTmp/CheckSymbolExists.cxx:8:25: error: ‘Q_WS_MAC’ was not declared in this scope
make[2]: *** [CMakeFiles/cmTryCompileExec.dir/CheckSymbolExists.cxx.o] Error 1
make[2]: Leaving directory `/home/accompany/git/care-o-bot/accompany/COBScheduler/build/CMakeFiles/CMakeTmp'
make[1]: *** [cmTryCompileExec/fast] Error 2
make[1]: Leaving directory `/home/accompany/git/care-o-bot/accompany/COBScheduler/build/CMakeFiles/CMakeTmp'

File /home/accompany/git/care-o-bot/accompany/COBScheduler/build/CMakeFiles/CMakeTmp/CheckSymbolExists.cxx:
/* */
#include <QtCore/qglobal.h>

void cmakeRequireSymbol(int dummy,...){(void)dummy;}
int main()
{
#ifndef Q_WS_MAC
  cmakeRequireSymbol(0,&Q_WS_MAC);
#endif
  return 0;
}

